[INFO] [2015-08-26 22:26:55][org.springframework.web.servlet.DispatcherServlet]FrameworkServlet 'dispatcher': initialization started
[INFO] [2015-08-26 22:26:55][org.springframework.web.context.support.XmlWebApplicationContext]Refreshing WebApplicationContext for namespace 'dispatcher-servlet': startup date [Wed Aug 26 22:26:55 CST 2015]; root of context hierarchy
[INFO] [2015-08-26 22:26:55][org.springframework.beans.factory.xml.XmlBeanDefinitionReader]Loading XML bean definitions from ServletContext resource [/WEB-INF/configs/spring/dispatcher-servlet.xml]
[INFO] [2015-08-26 22:26:56][org.springframework.beans.factory.annotation.AutowiredAnnotationBeanPostProcessor]JSR-330 'javax.inject.Inject' annotation found and supported for autowiring
[INFO] [2015-08-26 22:26:56][org.springframework.web.servlet.mvc.method.annotation.RequestMappingHandlerMapping]Mapped "{[/hello/mvc.do],methods=[],params=[],headers=[],consumes=[],produces=[],custom=[]}" onto public java.lang.String com.imooc.mvcdemo.HelloMVCContoller.helloMVC()
[INFO] [2015-08-26 22:26:56][org.springframework.web.servlet.mvc.method.annotation.RequestMappingHandlerAdapter]Looking for @ControllerAdvice: WebApplicationContext for namespace 'dispatcher-servlet': startup date [Wed Aug 26 22:26:55 CST 2015]; root of context hierarchy
[INFO] [2015-08-26 22:26:56][org.springframework.web.servlet.mvc.method.annotation.RequestMappingHandlerAdapter]Looking for @ControllerAdvice: WebApplicationContext for namespace 'dispatcher-servlet': startup date [Wed Aug 26 22:26:55 CST 2015]; root of context hierarchy
[INFO] [2015-08-26 22:26:56][org.springframework.web.servlet.DispatcherServlet]FrameworkServlet 'dispatcher': initialization completed in 676 ms
[INFO] [2015-08-30 09:21:43][org.springframework.web.context.support.XmlWebApplicationContext]Closing WebApplicationContext for namespace 'dispatcher-servlet': startup date [Wed Aug 26 22:26:55 CST 2015]; root of context hierarchy
[INFO] [2015-08-30 09:22:07][org.springframework.web.servlet.DispatcherServlet]FrameworkServlet 'dispatcher': initialization started
[INFO] [2015-08-30 09:22:07][org.springframework.web.context.support.XmlWebApplicationContext]Refreshing WebApplicationContext for namespace 'dispatcher-servlet': startup date [Sun Aug 30 09:22:07 CST 2015]; root of context hierarchy
[INFO] [2015-08-30 09:22:07][org.springframework.beans.factory.xml.XmlBeanDefinitionReader]Loading XML bean definitions from ServletContext resource [/WEB-INF/configs/spring/dispatcher-servlet.xml]
[INFO] [2015-08-30 09:22:07][org.springframework.beans.factory.annotation.AutowiredAnnotationBeanPostProcessor]JSR-330 'javax.inject.Inject' annotation found and supported for autowiring
[INFO] [2015-08-30 09:22:08][org.springframework.web.servlet.mvc.method.annotation.RequestMappingHandlerMapping]Mapped "{[/hello/mvc.do],methods=[],params=[],headers=[],consumes=[],produces=[],custom=[]}" onto public java.lang.String com.imooc.mvcdemo.HelloMVCContoller.helloMVC()
[INFO] [2015-08-30 09:22:08][org.springframework.web.servlet.mvc.method.annotation.RequestMappingHandlerAdapter]Looking for @ControllerAdvice: WebApplicationContext for namespace 'dispatcher-servlet': startup date [Sun Aug 30 09:22:07 CST 2015]; root of context hierarchy
[INFO] [2015-08-30 09:22:08][org.springframework.web.servlet.mvc.method.annotation.RequestMappingHandlerAdapter]Looking for @ControllerAdvice: WebApplicationContext for namespace 'dispatcher-servlet': startup date [Sun Aug 30 09:22:07 CST 2015]; root of context hierarchy
[INFO] [2015-08-30 09:22:08][org.springframework.web.servlet.DispatcherServlet]FrameworkServlet 'dispatcher': initialization completed in 1540 ms
[INFO] [2015-08-30 09:26:19][org.springframework.web.context.support.XmlWebApplicationContext]Closing WebApplicationContext for namespace 'dispatcher-servlet': startup date [Sun Aug 30 09:22:07 CST 2015]; root of context hierarchy
[INFO] [2015-08-30 09:26:19][org.springframework.web.servlet.DispatcherServlet]FrameworkServlet 'dispatcher': initialization started
[INFO] [2015-08-30 09:26:19][org.springframework.web.context.support.XmlWebApplicationContext]Refreshing WebApplicationContext for namespace 'dispatcher-servlet': startup date [Sun Aug 30 09:26:19 CST 2015]; root of context hierarchy
[INFO] [2015-08-30 09:26:19][org.springframework.beans.factory.xml.XmlBeanDefinitionReader]Loading XML bean definitions from ServletContext resource [/WEB-INF/configs/spring/dispatcher-servlet.xml]
[INFO] [2015-08-30 09:26:20][org.springframework.beans.factory.annotation.AutowiredAnnotationBeanPostProcessor]JSR-330 'javax.inject.Inject' annotation found and supported for autowiring
[INFO] [2015-08-30 09:26:20][org.springframework.web.servlet.mvc.method.annotation.RequestMappingHandlerMapping]Mapped "{[/hello/mvc.do],methods=[],params=[],headers=[],consumes=[],produces=[],custom=[]}" onto public java.lang.String com.imooc.mvcdemo.HelloMVCContoller.helloMVC()
[INFO] [2015-08-30 09:26:20][org.springframework.web.servlet.mvc.method.annotation.RequestMappingHandlerAdapter]Looking for @ControllerAdvice: WebApplicationContext for namespace 'dispatcher-servlet': startup date [Sun Aug 30 09:26:19 CST 2015]; root of context hierarchy
[INFO] [2015-08-30 09:26:20][org.springframework.web.servlet.mvc.method.annotation.RequestMappingHandlerAdapter]Looking for @ControllerAdvice: WebApplicationContext for namespace 'dispatcher-servlet': startup date [Sun Aug 30 09:26:19 CST 2015]; root of context hierarchy
[INFO] [2015-08-30 09:26:20][org.springframework.web.servlet.DispatcherServlet]FrameworkServlet 'dispatcher': initialization completed in 642 ms
[INFO] [2015-08-30 09:26:25][org.springframework.web.context.support.XmlWebApplicationContext]Closing WebApplicationContext for namespace 'dispatcher-servlet': startup date [Sun Aug 30 09:26:19 CST 2015]; root of context hierarchy
[INFO] [2015-08-30 09:26:25][org.springframework.web.servlet.DispatcherServlet]FrameworkServlet 'dispatcher': initialization started
[INFO] [2015-08-30 09:26:25][org.springframework.web.context.support.XmlWebApplicationContext]Refreshing WebApplicationContext for namespace 'dispatcher-servlet': startup date [Sun Aug 30 09:26:25 CST 2015]; root of context hierarchy
[INFO] [2015-08-30 09:26:25][org.springframework.beans.factory.xml.XmlBeanDefinitionReader]Loading XML bean definitions from ServletContext resource [/WEB-INF/configs/spring/dispatcher-servlet.xml]
[INFO] [2015-08-30 09:26:26][org.springframework.beans.factory.annotation.AutowiredAnnotationBeanPostProcessor]JSR-330 'javax.inject.Inject' annotation found and supported for autowiring
[INFO] [2015-08-30 09:26:26][org.springframework.web.servlet.mvc.method.annotation.RequestMappingHandlerMapping]Mapped "{[/hello/mvc.do],methods=[],params=[],headers=[],consumes=[],produces=[],custom=[]}" onto public java.lang.String com.imooc.mvcdemo.HelloMVCContoller.helloMVC()
[INFO] [2015-08-30 09:26:26][org.springframework.web.servlet.mvc.method.annotation.RequestMappingHandlerAdapter]Looking for @ControllerAdvice: WebApplicationContext for namespace 'dispatcher-servlet': startup date [Sun Aug 30 09:26:25 CST 2015]; root of context hierarchy
[INFO] [2015-08-30 09:26:26][org.springframework.web.servlet.mvc.method.annotation.RequestMappingHandlerAdapter]Looking for @ControllerAdvice: WebApplicationContext for namespace 'dispatcher-servlet': startup date [Sun Aug 30 09:26:25 CST 2015]; root of context hierarchy
[INFO] [2015-08-30 09:26:26][org.springframework.web.servlet.DispatcherServlet]FrameworkServlet 'dispatcher': initialization completed in 477 ms
[INFO] [2015-08-30 09:30:43][org.springframework.web.context.support.XmlWebApplicationContext]Closing WebApplicationContext for namespace 'dispatcher-servlet': startup date [Sun Aug 30 09:26:25 CST 2015]; root of context hierarchy
[INFO] [2015-08-30 09:30:44][org.springframework.web.servlet.DispatcherServlet]FrameworkServlet 'dispatcher': initialization started
[INFO] [2015-08-30 09:30:44][org.springframework.web.context.support.XmlWebApplicationContext]Refreshing WebApplicationContext for namespace 'dispatcher-servlet': startup date [Sun Aug 30 09:30:44 CST 2015]; root of context hierarchy
[INFO] [2015-08-30 09:30:44][org.springframework.beans.factory.xml.XmlBeanDefinitionReader]Loading XML bean definitions from ServletContext resource [/WEB-INF/configs/spring/dispatcher-servlet.xml]
[INFO] [2015-08-30 09:30:44][org.springframework.beans.factory.annotation.AutowiredAnnotationBeanPostProcessor]JSR-330 'javax.inject.Inject' annotation found and supported for autowiring
[INFO] [2015-08-30 09:30:44][org.springframework.web.servlet.mvc.method.annotation.RequestMappingHandlerMapping]Mapped "{[/hello/mvc.do],methods=[],params=[],headers=[],consumes=[],produces=[],custom=[]}" onto public java.lang.String com.imooc.mvcdemo.HelloMVCContoller.helloMVC()
[INFO] [2015-08-30 09:30:44][org.springframework.web.servlet.mvc.method.annotation.RequestMappingHandlerAdapter]Looking for @ControllerAdvice: WebApplicationContext for namespace 'dispatcher-servlet': startup date [Sun Aug 30 09:30:44 CST 2015]; root of context hierarchy
[INFO] [2015-08-30 09:30:44][org.springframework.web.servlet.mvc.method.annotation.RequestMappingHandlerAdapter]Looking for @ControllerAdvice: WebApplicationContext for namespace 'dispatcher-servlet': startup date [Sun Aug 30 09:30:44 CST 2015]; root of context hierarchy
[INFO] [2015-08-30 09:30:44][org.springframework.web.servlet.DispatcherServlet]FrameworkServlet 'dispatcher': initialization completed in 522 ms
